<?xml version="1.0" encoding="UTF-8"?>
<testng-results ignored="0" total="1" passed="0" failed="1" skipped="0">
  <reporter-output>
  </reporter-output>
  <suite started-at="2026-01-17T09:54:44 IST" name="Default suite" finished-at="2026-01-17T09:56:42 IST" duration-ms="117534">
    <groups>
      <group name="smoke">
        <method signature="ToCreateContactTest.toCreatecontact_001()[pri:0, instance:contactTest.ToCreateContactTest@d21a74c]" name="toCreatecontact_001" class="contactTest.ToCreateContactTest"/>
      </group> <!-- smoke -->
    </groups>
    <test started-at="2026-01-17T09:54:44 IST" name="Default test" finished-at="2026-01-17T09:56:42 IST" duration-ms="117534">
      <class name="contactTest.ToCreateContactTest">
        <test-method is-config="true" signature="beforesuiteconfig()[pri:0, instance:contactTest.ToCreateContactTest@d21a74c]" started-at="2026-01-17T09:54:44 IST" name="beforesuiteconfig" finished-at="2026-01-17T09:54:44 IST" duration-ms="26" status="PASS">
          <reporter-output>
          </reporter-output>
        </test-method> <!-- beforesuiteconfig -->
        <test-method is-config="true" signature="beforeclassCofig()[pri:0, instance:contactTest.ToCreateContactTest@d21a74c]" started-at="2026-01-17T09:54:45 IST" name="beforeclassCofig" finished-at="2026-01-17T09:55:14 IST" duration-ms="28616" status="PASS">
          <reporter-output>
          </reporter-output>
        </test-method> <!-- beforeclassCofig -->
        <test-method is-config="true" signature="beforeMethodConfig()[pri:0, instance:contactTest.ToCreateContactTest@d21a74c]" started-at="2026-01-17T09:55:14 IST" name="beforeMethodConfig" finished-at="2026-01-17T09:55:35 IST" duration-ms="20859" status="PASS">
          <reporter-output>
          </reporter-output>
        </test-method> <!-- beforeMethodConfig -->
        <test-method signature="toCreatecontact_001()[pri:0, instance:contactTest.ToCreateContactTest@d21a74c]" started-at="2026-01-17T09:55:35 IST" name="toCreatecontact_001" finished-at="2026-01-17T09:56:37 IST" duration-ms="62745" status="FAIL">
          <exception class="java.lang.AssertionError">
            <message>
              <![CDATA[null]]>
            </message>
            <full-stacktrace>
              <![CDATA[java.lang.AssertionError: null
at org.testng.Assert.fail(Assert.java:111)
at org.testng.Assert.fail(Assert.java:116)
at contactTest.ToCreateContactTest.toCreatecontact_001(ToCreateContactTest.java:33)
at java.base/jdk.internal.reflect.DirectMethodHandleAccessor.invoke(DirectMethodHandleAccessor.java:103)
at java.base/java.lang.reflect.Method.invoke(Method.java:580)
at org.testng.internal.invokers.MethodInvocationHelper.invokeMethod(MethodInvocationHelper.java:141)
at org.testng.internal.invokers.TestInvoker.invokeMethod(TestInvoker.java:687)
at org.testng.internal.invokers.TestInvoker.invokeTestMethod(TestInvoker.java:230)
at org.testng.internal.invokers.MethodRunner.runInSequence(MethodRunner.java:63)
at org.testng.internal.invokers.TestInvoker$MethodInvocationAgent.invoke(TestInvoker.java:995)
at org.testng.internal.invokers.TestInvoker.invokeTestMethods(TestInvoker.java:203)
at org.testng.internal.invokers.TestMethodWorker.invokeTestMethods(TestMethodWorker.java:154)
at org.testng.internal.invokers.TestMethodWorker.run(TestMethodWorker.java:134)
at java.base/java.util.ArrayList.forEach(ArrayList.java:1596)
at org.testng.TestRunner.privateRun(TestRunner.java:741)
at org.testng.TestRunner.run(TestRunner.java:616)
at org.testng.SuiteRunner.runTest(SuiteRunner.java:421)
at org.testng.SuiteRunner.runSequentially(SuiteRunner.java:413)
at org.testng.SuiteRunner.privateRun(SuiteRunner.java:373)
at org.testng.SuiteRunner.run(SuiteRunner.java:312)
at org.testng.SuiteRunnerWorker.runSuite(SuiteRunnerWorker.java:52)
at org.testng.SuiteRunnerWorker.run(SuiteRunnerWorker.java:95)
at org.testng.TestNG.runSuitesSequentially(TestNG.java:1274)
at org.testng.TestNG.runSuitesLocally(TestNG.java:1208)
at org.testng.TestNG.runSuites(TestNG.java:1112)
at org.testng.TestNG.run(TestNG.java:1079)
at org.testng.remote.AbstractRemoteTestNG.run(AbstractRemoteTestNG.java:115)
at org.testng.remote.RemoteTestNG.initAndRun(RemoteTestNG.java:293)
at org.testng.remote.RemoteTestNG.main(RemoteTestNG.java:91)
]]>
            </full-stacktrace>
          </exception> <!-- java.lang.AssertionError -->
          <reporter-output>
          </reporter-output>
        </test-method> <!-- toCreatecontact_001 -->
        <test-method is-config="true" signature="aftermethodConfig()[pri:0, instance:contactTest.ToCreateContactTest@d21a74c]" started-at="2026-01-17T09:56:38 IST" name="aftermethodConfig" finished-at="2026-01-17T09:56:41 IST" duration-ms="3685" status="PASS">
          <reporter-output>
          </reporter-output>
        </test-method> <!-- aftermethodConfig -->
        <test-method is-config="true" signature="afterClassconfig()[pri:0, instance:contactTest.ToCreateContactTest@d21a74c]" started-at="2026-01-17T09:56:41 IST" name="afterClassconfig" finished-at="2026-01-17T09:56:42 IST" duration-ms="412" status="PASS">
          <reporter-output>
          </reporter-output>
        </test-method> <!-- afterClassconfig -->
        <test-method is-config="true" signature="afterSuiteConfig()[pri:0, instance:contactTest.ToCreateContactTest@d21a74c]" started-at="2026-01-17T09:56:43 IST" name="afterSuiteConfig" finished-at="2026-01-17T09:56:43 IST" duration-ms="1" status="PASS">
          <reporter-output>
          </reporter-output>
        </test-method> <!-- afterSuiteConfig -->
      </class> <!-- contactTest.ToCreateContactTest -->
    </test> <!-- Default test -->
  </suite> <!-- Default suite -->
</testng-results>
