<?xml version="1.0" encoding="UTF-8"?>
<!-- Generated by org.testng.reporters.JUnitXMLReporter -->
<testsuite ignored="2" hostname="gurramprasunsai" failures="0" tests="2" name="Test" time="55.036" errors="0" timestamp="2026-01-13T14:26:17 IST">
  <testcase classname="contactTest.CreateContactWithorganizationTest" name="toCreatecontactOrgan_005" time="18.172"/>
  <testcase classname="contactTest.ToCreateContactTest" name="toCreatecontact_001" time="15.977"/>
  <testcase classname="genericUtility.BaseClass" name="@AfterSuite afterSuiteConfig" time="0.0">
    <ignored/>
  </testcase> <!-- @AfterSuite afterSuiteConfig -->
  <testcase classname="genericUtility.BaseClass" name="@BeforeSuite beforesuiteconfig" time="0.0">
    <ignored/>
  </testcase> <!-- @BeforeSuite beforesuiteconfig -->
</testsuite> <!-- Test -->
