<?xml version="1.0" encoding="UTF-8"?>
<!-- Generated by org.testng.reporters.JUnitReportReporter -->
<testsuite hostname="gurramprasunsai" failures="0" tests="1" name="organizationTest.T0CreateOrganizationIndustryTwoTest" time="25.900" errors="0" timestamp="2026-01-13T12:54:15 IST" skipped="0">
  <testcase classname="organizationTest.T0CreateOrganizationIndustryTwoTest" name="toCreateOrgWithIndustry_003" time="25.900"/>
</testsuite> <!-- organizationTest.T0CreateOrganizationIndustryTwoTest -->
