<?xml version="1.0" encoding="UTF-8"?>
<!-- Generated by org.testng.reporters.JUnitReportReporter -->
<testsuite hostname="gurramprasunsai" failures="0" tests="1" name="contactTest.CreateContactWithorganizationTest$ToCreateInfoorganizationTest" time="28.277" errors="0" timestamp="2025-08-06T21:03:56 IST" skipped="0">
  <testcase classname="contactTest.CreateContactWithorganizationTest$ToCreateInfoorganizationTest" name="toCreatecontactOrgan_005" time="28.277"/>
</testsuite> <!-- contactTest.CreateContactWithorganizationTest$ToCreateInfoorganizationTest -->
